<?xml version="1.0" encoding="UTF-8"?>
<!-- Generated by org.testng.reporters.JUnitReportReporter -->
<testsuite hostname="Indochatroots-MacBook-Air.local" failures="0" tests="1" name="rudiproject.property.Login99" time="369.908" errors="0" timestamp="2024-02-24T20:54:41 WIB" skipped="0">
  <testcase classname="rudiproject.property.Login99" name="login" time="369.908"/>
</testsuite> <!-- rudiproject.property.Login99 -->
