<?xml version="1.0" encoding="UTF-8"?>
<!-- Generated by org.testng.reporters.JUnitReportReporter -->
<testsuite hostname="Indochatroots-MacBook-Air.local" failures="0" tests="1" name="rudiproject.property.SearchLocationHome" time="233.853" errors="0" timestamp="2024-02-24T19:00:43 WIB" skipped="0">
  <testcase classname="rudiproject.property.SearchLocationHome" name="login" time="233.853"/>
</testsuite> <!-- rudiproject.property.SearchLocationHome -->
