<?xml version="1.0" encoding="UTF-8"?>
<!-- Generated by org.testng.reporters.JUnitReportReporter -->
<testsuite hostname="Indochatroots-MacBook-Air.local" failures="0" tests="1" name="rudiproject.property.SearchLocationBandung" time="219.552" errors="0" timestamp="2024-02-24T19:11:33 WIB" skipped="0">
  <testcase classname="rudiproject.property.SearchLocationBandung" name="login" time="219.552"/>
</testsuite> <!-- rudiproject.property.SearchLocationBandung -->
