<?xml version="1.0" encoding="UTF-8"?>
<!-- Generated by org.testng.reporters.JUnitReportReporter -->
<testsuite hostname="Indochatroots-MacBook-Air.local" failures="0" tests="1" name="rudiproject.property.Login99andCheckPropertySold" time="296.679" errors="0" timestamp="2024-02-24T21:59:41 WIB" skipped="0">
  <testcase classname="rudiproject.property.Login99andCheckPropertySold" name="loginAndLogout" time="296.679"/>
</testsuite> <!-- rudiproject.property.Login99andCheckPropertySold -->
