<?xml version="1.0" encoding="UTF-8"?>
<!-- Generated by org.testng.reporters.JUnitReportReporter -->
<testsuite hostname="Indochatroots-MacBook-Air.local" failures="0" tests="1" name="rudiproject.property.CheckPropertySold" time="671.098" errors="0" timestamp="2024-02-26T02:26:56 WIB" skipped="0">
  <testcase classname="rudiproject.property.CheckPropertySold" name="loginAndLogout" time="671.098"/>
</testsuite> <!-- rudiproject.property.CheckPropertySold -->
