<?xml version="1.0" encoding="UTF-8"?>
<!-- Generated by org.testng.reporters.JUnitReportReporter -->
<testsuite hostname="Indochatroots-MacBook-Air.local" failures="0" tests="1" name="rudiproject.property.SearchLocationJawaBaratRent" time="500.739" errors="0" timestamp="2024-02-26T03:45:16 WIB" skipped="0">
  <testcase classname="rudiproject.property.SearchLocationJawaBaratRent" name="searchLocationRent" time="500.739"/>
</testsuite> <!-- rudiproject.property.SearchLocationJawaBaratRent -->
