<?xml version="1.0" encoding="UTF-8"?>
<!-- Generated by org.testng.reporters.JUnitReportReporter -->
<testsuite hostname="Indochatroots-MacBook-Air.local" failures="0" tests="1" name="rudiproject.property.SignUp99" time="151.258" errors="0" timestamp="2024-02-24T16:22:48 WIB" skipped="0">
  <testcase classname="rudiproject.property.SignUp99" name="signup" time="151.258"/>
</testsuite> <!-- rudiproject.property.SignUp99 -->
