<?xml version="1.0" encoding="UTF-8"?>
<!-- Generated by org.testng.reporters.JUnitReportReporter -->
<testsuite hostname="Indochatroots-MacBook-Air.local" failures="0" tests="1" name="rudiproject.property.SearchLocationJawaBaratBuy" time="479.969" errors="0" timestamp="2024-02-26T03:05:34 WIB" skipped="0">
  <testcase classname="rudiproject.property.SearchLocationJawaBaratBuy" name="searchLocationBuy" time="479.969"/>
</testsuite> <!-- rudiproject.property.SearchLocationJawaBaratBuy -->
