<?xml version="1.0" encoding="UTF-8"?>
<!-- Generated by org.testng.reporters.JUnitReportReporter -->
<testsuite hostname="Indochatroots-MacBook-Air.local" failures="0" tests="1" name="rudiproject.property.SearchLocation" time="46.181" errors="0" timestamp="2024-02-24T17:55:07 WIB" skipped="0">
  <testcase classname="rudiproject.property.SearchLocation" name="login" time="46.181"/>
</testsuite> <!-- rudiproject.property.SearchLocation -->
