<?xml version="1.0" encoding="UTF-8"?>
<!-- Generated by org.testng.reporters.JUnitReportReporter -->
<testsuite hostname="Indochatroots-MacBook-Air.local" failures="0" tests="1" name="rudiproject.property.Login99andCheckPropertyRented" time="596.811" errors="0" timestamp="2024-02-25T18:11:05 WIB" skipped="0">
  <testcase classname="rudiproject.property.Login99andCheckPropertyRented" name="loginAndLogout" time="596.811"/>
</testsuite> <!-- rudiproject.property.Login99andCheckPropertyRented -->
