<?xml version="1.0" encoding="UTF-8"?>
<!-- Generated by org.testng.reporters.JUnitReportReporter -->
<testsuite hostname="Indochatroots-MacBook-Air.local" failures="0" tests="1" name="rudiproject.property.SignUp" time="98.935" errors="0" timestamp="2024-02-26T02:09:17 WIB" skipped="0">
  <testcase classname="rudiproject.property.SignUp" name="signup" time="98.935"/>
</testsuite> <!-- rudiproject.property.SignUp -->
