<?xml version="1.0" encoding="UTF-8"?>
<!-- Generated by org.testng.reporters.JUnitReportReporter -->
<testsuite hostname="Indochatroots-MacBook-Air.local" failures="0" tests="1" name="rudiproject.property.SearchLocationBandungRent" time="337.511" errors="0" timestamp="2024-02-26T03:55:38 WIB" skipped="0">
  <testcase classname="rudiproject.property.SearchLocationBandungRent" name="searchlocationRent" time="337.511"/>
</testsuite> <!-- rudiproject.property.SearchLocationBandungRent -->
